[Appium] Welcome to Appium v1.8.1
[Appium] Non-default server args:
[Appium]   port: 60006
[Appium]   loglevel: info
[Appium]   chromeDriverPort: 60007
[Appium]   tmpDir: /var/folders/lv/m53tlwf945s_kzj42t7j4yhw0000gn/T//Katalon/Appium/Temp1531369169753
[Appium] Appium REST http interface listener started on 0.0.0.0:60006
[HTTP] --> GET /wd/hub/status
[HTTP] {}
[HTTP] <-- GET /wd/hub/status 200 24 ms - 83
[HTTP] 
[HTTP] --> GET /wd/hub/status
[HTTP] {}
[HTTP] <-- GET /wd/hub/status 200 11 ms - 83
[HTTP] 
[HTTP] --> POST /wd/hub/session
[HTTP] {"desiredCapabilities":{"app":"/Users/januaripanjaitan/git/Repo-Sumsel/Android Apk/Polisi110_Staging200618.apk","autoGrantPermissions":true,"deviceName":"samsung SM-J500G (Android 6.0.1)","fullReset":false,"newCommandTimeout":1800,"noReset":true,"platform":"ANDROID","platformName":"Android","udid":"d568d8da"},"capabilities":{"desiredCapabilities":{"app":"/Users/januaripanjaitan/git/Repo-Sumsel/Android Apk/Polisi110_Staging200618.apk","autoGrantPermissions":true,"deviceName":"samsung SM-J500G (Android 6.0.1)","fullReset":false,"newCommandTimeout":1800,"noReset":true,"platform":"ANDROID","platformName":"Android","udid":"d568d8da"},"firstMatch":[{"platformName":"android"}]}}
[Appium] Could not parse W3C capabilities: 'deviceName' can't be blank. Falling back to JSONWP protocol.
[Appium] The following capabilities were provided in the JSONWP desired capabilities that are missing in W3C capabilities: ["app","autoGrantPermissions","deviceName","fullReset","newCommandTimeout","noReset","platform","platformName","udid"]. Falling back to JSONWP protocol.
[Appium] Creating new AndroidDriver (v2.7.0) session
[Appium] Capabilities:
[Appium]   app: /Users/januaripanjaitan/git/Repo-Sumsel/Android Apk/Polisi110_Staging200618.apk
[Appium]   autoGrantPermissions: true
[Appium]   deviceName: samsung SM-J500G (Android 6.0.1)
[Appium]   fullReset: false
[Appium]   newCommandTimeout: 1800
[Appium]   noReset: true
[Appium]   platform: ANDROID
[Appium]   platformName: Android
[Appium]   udid: d568d8da
[BaseDriver] The following capabilities were provided, but are not recognized by appium: platform.
[BaseDriver] Session created with session id: e2de3b9d-9619-4202-89cc-ebfecfbf69fc
[AndroidDriver] Java version is: 1.8.0_102
[ADB] Checking whether adb is present
[ADB] Found 1 'build-tools' folders under '/Users/januaripanjaitan/.katalon/tools/android_sdk' (newest first):
[ADB]     /Users/januaripanjaitan/.katalon/tools/android_sdk/build-tools/27.0.3
[ADB] Using adb from /Users/januaripanjaitan/.katalon/tools/android_sdk/platform-tools/adb
[AndroidDriver] Retrieving device list
[AndroidDriver] Using device: d568d8da
[BaseDriver] Using local app '/Users/januaripanjaitan/git/Repo-Sumsel/Android Apk/Polisi110_Staging200618.apk'
[AndroidDriver] Starting Android session
[ADB] Checking whether aapt is present
[ADB] Using aapt from /Users/januaripanjaitan/.katalon/tools/android_sdk/build-tools/27.0.3/aapt
[AndroidDriver] setDeviceLanguageCountry requires language or country.
[AndroidDriver] Got language: 'null' and country: 'null'
[ADB] Getting device platform version
[ADB] Using the alternative activity name detection method because of: Could not find apkanalyzer in /Users/januaripanjaitan/.katalon/tools/android_sdk/platform-tools/apkanalyzer,/Users/januaripanjaitan/.katalon/tools/android_sdk/emulator/apkanalyzer,/Users/januaripanjaitan/.katalon/tools/android_sdk/tools/apkanalyzer,/Users/januaripanjaitan/.katalon/tools/android_sdk/tools/bin/apkanalyzer,/Users/januaripanjaitan/.katalon/tools/android_sdk/build-tools/27.0.3/apkanalyzer. Do you have the Android SDK installed at '/Users/januaripanjaitan/.katalon/tools/android_sdk'?
[ADB] Extracting package and launch activity from manifest
[ADB] Package name: 'app.android.quack.polda'
[ADB] Main activity name: 'app.android.quack.polda.ui.activities.SplashActivity'
[ADB] Successfully extracted 333 strings from '/Users/januaripanjaitan/git/Repo-Sumsel/Android Apk/Polisi110_Staging200618.apk' resources for '(default)' configuration
[ADB] No uiautomator process found to kill, continuing...
[AndroidBootstrap] Android bootstrap socket is now connected
[AndroidDriver] Screen already unlocked, doing nothing
[Appium] New AndroidDriver session created successfully, session e2de3b9d-9619-4202-89cc-ebfecfbf69fc added to master session list
[HTTP] <-- POST /wd/hub/session 200 15774 ms - 1168
[HTTP] 
[HTTP] --> GET /wd/hub/status
[HTTP] {}
[HTTP] <-- GET /wd/hub/status 200 11 ms - 55
[HTTP] 
[HTTP] --> POST /wd/hub/session/e2de3b9d-9619-4202-89cc-ebfecfbf69fc/timeouts
[HTTP] {"type":"implicit","ms":60000}
[HTTP] <-- POST /wd/hub/session/e2de3b9d-9619-4202-89cc-ebfecfbf69fc/timeouts 400 17 ms - 4197
[HTTP] 
[HTTP] --> GET /wd/hub/session/e2de3b9d-9619-4202-89cc-ebfecfbf69fc/source
[HTTP] {}
[HTTP] <-- GET /wd/hub/session/e2de3b9d-9619-4202-89cc-ebfecfbf69fc/source 200 320 ms - 3628
[HTTP] 
[HTTP] --> GET /wd/hub/session/e2de3b9d-9619-4202-89cc-ebfecfbf69fc/screenshot
[HTTP] {}
[HTTP] <-- GET /wd/hub/session/e2de3b9d-9619-4202-89cc-ebfecfbf69fc/screenshot 200 1417 ms - 549046
[HTTP] 
[HTTP] --> GET /wd/hub/session/e2de3b9d-9619-4202-89cc-ebfecfbf69fc/source
[HTTP] {}
[HTTP] <-- GET /wd/hub/session/e2de3b9d-9619-4202-89cc-ebfecfbf69fc/source 200 52 ms - 3179
[HTTP] 
[HTTP] --> GET /wd/hub/session/e2de3b9d-9619-4202-89cc-ebfecfbf69fc/screenshot
[HTTP] {}
[HTTP] <-- GET /wd/hub/session/e2de3b9d-9619-4202-89cc-ebfecfbf69fc/screenshot 200 1183 ms - 287726
[HTTP] 
[HTTP] --> GET /wd/hub/session/e2de3b9d-9619-4202-89cc-ebfecfbf69fc/source
[HTTP] {}
[HTTP] <-- GET /wd/hub/session/e2de3b9d-9619-4202-89cc-ebfecfbf69fc/source 200 89 ms - 4524
[HTTP] 
[HTTP] --> GET /wd/hub/session/e2de3b9d-9619-4202-89cc-ebfecfbf69fc/screenshot
[HTTP] {}
[HTTP] <-- GET /wd/hub/session/e2de3b9d-9619-4202-89cc-ebfecfbf69fc/screenshot 200 1182 ms - 248738
[HTTP] 
[HTTP] --> GET /wd/hub/session/e2de3b9d-9619-4202-89cc-ebfecfbf69fc/source
[HTTP] {}
[HTTP] <-- GET /wd/hub/session/e2de3b9d-9619-4202-89cc-ebfecfbf69fc/source 200 78 ms - 9327
[HTTP] 
[HTTP] --> GET /wd/hub/session/e2de3b9d-9619-4202-89cc-ebfecfbf69fc/screenshot
[HTTP] {}
[HTTP] <-- GET /wd/hub/session/e2de3b9d-9619-4202-89cc-ebfecfbf69fc/screenshot 200 1447 ms - 513158
[HTTP] 
[HTTP] --> GET /wd/hub/session/e2de3b9d-9619-4202-89cc-ebfecfbf69fc/source
[HTTP] {}
[HTTP] <-- GET /wd/hub/session/e2de3b9d-9619-4202-89cc-ebfecfbf69fc/source 200 75 ms - 9327
[HTTP] 
[HTTP] --> GET /wd/hub/session/e2de3b9d-9619-4202-89cc-ebfecfbf69fc/screenshot
[HTTP] {}
[HTTP] <-- GET /wd/hub/session/e2de3b9d-9619-4202-89cc-ebfecfbf69fc/screenshot 200 1373 ms - 503694
[HTTP] 
[HTTP] --> GET /wd/hub/session/e2de3b9d-9619-4202-89cc-ebfecfbf69fc/source
[HTTP] {}
[HTTP] <-- GET /wd/hub/session/e2de3b9d-9619-4202-89cc-ebfecfbf69fc/source 200 79 ms - 9327
[HTTP] 
[HTTP] --> GET /wd/hub/session/e2de3b9d-9619-4202-89cc-ebfecfbf69fc/screenshot
[HTTP] {}
[HTTP] <-- GET /wd/hub/session/e2de3b9d-9619-4202-89cc-ebfecfbf69fc/screenshot 200 1383 ms - 513158
[HTTP] 
[HTTP] --> DELETE /wd/hub/session/e2de3b9d-9619-4202-89cc-ebfecfbf69fc
[HTTP] {}
[Appium] Removing session e2de3b9d-9619-4202-89cc-ebfecfbf69fc from our master session list
[ADB] No uiautomator process found to kill, continuing...
[HTTP] <-- DELETE /wd/hub/session/e2de3b9d-9619-4202-89cc-ebfecfbf69fc 200 4940 ms - 76
[HTTP] 
